<?xml version="1.0" encoding="UTF-8"?>
<testng-results skipped="0" failed="0" total="1" passed="1">
  <reporter-output>
  </reporter-output>
  <suite name="Suite" duration-ms="21" started-at="2015-08-24T13:03:36Z" finished-at="2015-08-24T13:03:36Z">
    <groups>
    </groups>
    <test name="Test" duration-ms="21" started-at="2015-08-24T13:03:36Z" finished-at="2015-08-24T13:03:36Z">
      <class name="mypackage.Emp_test">
        <test-method status="PASS" signature="test_emp()[pri:0, instance:mypackage.Emp_test@498dce5b]" name="test_emp" duration-ms="10" started-at="2015-08-24T18:33:36Z" finished-at="2015-08-24T18:33:36Z">
          <reporter-output>
          </reporter-output>
        </test-method> <!-- test_emp -->
      </class> <!-- mypackage.Emp_test -->
    </test> <!-- Test -->
  </suite> <!-- Suite -->
</testng-results>
