<?xml version="1.0" encoding="UTF-8"?>
<testng-results skipped="0" failed="0" total="1" passed="1">
  <reporter-output>
  </reporter-output>
  <suite name="Default suite" duration-ms="21282" started-at="2015-09-02T07:32:39Z" finished-at="2015-09-02T07:33:00Z">
    <groups>
    </groups>
    <test name="Default test" duration-ms="21282" started-at="2015-09-02T07:32:39Z" finished-at="2015-09-02T07:33:00Z">
      <class name="pkg.sample_reg">
        <test-method status="PASS" signature="beforetest()[pri:0, instance:pkg.sample_reg@70b8b8d3]" name="beforetest" is-config="true" duration-ms="5538" started-at="2015-09-02T13:02:39Z" finished-at="2015-09-02T13:02:44Z">
          <reporter-output>
          </reporter-output>
        </test-method> <!-- beforetest -->
        <test-method status="PASS" signature="test()[pri:0, instance:pkg.sample_reg@70b8b8d3]" name="test" duration-ms="15667" started-at="2015-09-02T13:02:44Z" finished-at="2015-09-02T13:03:00Z">
          <reporter-output>
          </reporter-output>
        </test-method> <!-- test -->
        <test-method status="PASS" signature="aftertest()[pri:0, instance:pkg.sample_reg@70b8b8d3]" name="aftertest" is-config="true" duration-ms="66" started-at="2015-09-02T13:03:00Z" finished-at="2015-09-02T13:03:00Z">
          <reporter-output>
          </reporter-output>
        </test-method> <!-- aftertest -->
      </class> <!-- pkg.sample_reg -->
    </test> <!-- Default test -->
  </suite> <!-- Default suite -->
</testng-results>
