<?xml version="1.0" encoding="UTF-8"?>
<testng-results skipped="0" failed="0" total="1" passed="1">
  <reporter-output>
  </reporter-output>
  <suite name="Default suite" duration-ms="4808" started-at="2015-09-04T14:17:39Z" finished-at="2015-09-04T14:17:44Z">
    <groups>
    </groups>
    <test name="Default test" duration-ms="4808" started-at="2015-09-04T14:17:39Z" finished-at="2015-09-04T14:17:44Z">
      <class name="mypackage.Test_Table">
        <test-method status="PASS" signature="beforeTest()[pri:0, instance:mypackage.Test_Table@376e9c79]" name="beforeTest" is-config="true" duration-ms="26" started-at="2015-09-04T19:47:39Z" finished-at="2015-09-04T19:47:39Z">
          <reporter-output>
          </reporter-output>
        </test-method> <!-- beforeTest -->
        <test-method status="PASS" signature="testTable()[pri:0, instance:mypackage.Test_Table@376e9c79]" name="testTable" duration-ms="4706" started-at="2015-09-04T19:47:39Z" finished-at="2015-09-04T19:47:44Z">
          <reporter-output>
          </reporter-output>
        </test-method> <!-- testTable -->
        <test-method status="PASS" signature="afterTest()[pri:0, instance:mypackage.Test_Table@376e9c79]" name="afterTest" is-config="true" duration-ms="66" started-at="2015-09-04T19:47:44Z" finished-at="2015-09-04T19:47:44Z">
          <reporter-output>
          </reporter-output>
        </test-method> <!-- afterTest -->
      </class> <!-- mypackage.Test_Table -->
    </test> <!-- Default test -->
  </suite> <!-- Default suite -->
</testng-results>
