<?xml version="1.0" encoding="UTF-8"?>
<testng-results skipped="0" failed="0" total="1" passed="1">
  <reporter-output>
  </reporter-output>
  <suite name="Suite" duration-ms="20" started-at="2015-08-24T11:50:06Z" finished-at="2015-08-24T11:50:06Z">
    <groups>
    </groups>
    <test name="Test" duration-ms="20" started-at="2015-08-24T11:50:06Z" finished-at="2015-08-24T11:50:06Z">
      <class name="pkg.NewTest">
        <test-method status="PASS" signature="beforeTest()[pri:0, instance:pkg.NewTest@1495c8c2]" name="beforeTest" is-config="true" duration-ms="6" started-at="2015-08-24T17:20:06Z" finished-at="2015-08-24T17:20:06Z">
          <reporter-output>
          </reporter-output>
        </test-method> <!-- beforeTest -->
        <test-method status="PASS" signature="f()[pri:0, instance:pkg.NewTest@1495c8c2]" name="f" duration-ms="4" started-at="2015-08-24T17:20:06Z" finished-at="2015-08-24T17:20:06Z">
          <reporter-output>
          </reporter-output>
        </test-method> <!-- f -->
        <test-method status="PASS" signature="afterTest()[pri:0, instance:pkg.NewTest@1495c8c2]" name="afterTest" is-config="true" duration-ms="0" started-at="2015-08-24T17:20:06Z" finished-at="2015-08-24T17:20:06Z">
          <reporter-output>
          </reporter-output>
        </test-method> <!-- afterTest -->
      </class> <!-- pkg.NewTest -->
    </test> <!-- Test -->
  </suite> <!-- Suite -->
</testng-results>
