<?xml version="1.0" encoding="UTF-8"?>
<testng-results skipped="0" failed="0" total="2" passed="2">
  <reporter-output>
  </reporter-output>
  <suite name="Default suite" duration-ms="20" started-at="2015-08-31T13:21:06Z" finished-at="2015-08-31T13:21:06Z">
    <groups>
    </groups>
    <test name="Default test" duration-ms="20" started-at="2015-08-31T13:21:06Z" finished-at="2015-08-31T13:21:06Z">
      <class name="pkg.simpletestng">
        <test-method status="PASS" signature="beforeSuite()[pri:0, instance:pkg.simpletestng@72ef33ad]" name="beforeSuite" is-config="true" duration-ms="5" started-at="2015-08-31T18:51:06Z" finished-at="2015-08-31T18:51:06Z">
          <reporter-output>
          </reporter-output>
        </test-method> <!-- beforeSuite -->
        <test-method status="PASS" signature="beforeTest()[pri:0, instance:pkg.simpletestng@72ef33ad]" name="beforeTest" is-config="true" duration-ms="0" started-at="2015-08-31T18:51:06Z" finished-at="2015-08-31T18:51:06Z">
          <reporter-output>
          </reporter-output>
        </test-method> <!-- beforeTest -->
        <test-method status="PASS" signature="beforeClass()[pri:0, instance:pkg.simpletestng@72ef33ad]" name="beforeClass" is-config="true" duration-ms="0" started-at="2015-08-31T18:51:06Z" finished-at="2015-08-31T18:51:06Z">
          <reporter-output>
          </reporter-output>
        </test-method> <!-- beforeClass -->
        <test-method status="PASS" signature="beforeMethod()[pri:0, instance:pkg.simpletestng@72ef33ad]" name="beforeMethod" is-config="true" duration-ms="0" started-at="2015-08-31T18:51:06Z" finished-at="2015-08-31T18:51:06Z">
          <reporter-output>
          </reporter-output>
        </test-method> <!-- beforeMethod -->
        <test-method status="PASS" signature="test(java.lang.Integer, java.lang.String)[pri:0, instance:pkg.simpletestng@72ef33ad]" name="test" duration-ms="5" started-at="2015-08-31T18:51:06Z" data-provider="dp" finished-at="2015-08-31T18:51:06Z">
          <params>
            <param index="0">
              <value>
                <![CDATA[1]]>
              </value>
            </param>
            <param index="1">
              <value>
                <![CDATA[a]]>
              </value>
            </param>
          </params>
          <reporter-output>
          </reporter-output>
        </test-method> <!-- test -->
        <test-method status="PASS" signature="test(java.lang.Integer, java.lang.String)[pri:0, instance:pkg.simpletestng@72ef33ad]" name="test" duration-ms="1" started-at="2015-08-31T18:51:06Z" data-provider="dp" finished-at="2015-08-31T18:51:06Z">
          <params>
            <param index="0">
              <value>
                <![CDATA[2]]>
              </value>
            </param>
            <param index="1">
              <value>
                <![CDATA[b]]>
              </value>
            </param>
          </params>
          <reporter-output>
          </reporter-output>
        </test-method> <!-- test -->
        <test-method status="PASS" signature="beforeMethod()[pri:0, instance:pkg.simpletestng@72ef33ad]" name="beforeMethod" is-config="true" duration-ms="0" started-at="2015-08-31T18:51:06Z" finished-at="2015-08-31T18:51:06Z">
          <reporter-output>
          </reporter-output>
        </test-method> <!-- beforeMethod -->
        <test-method status="PASS" signature="afterMethod()[pri:0, instance:pkg.simpletestng@72ef33ad]" name="afterMethod" is-config="true" duration-ms="0" started-at="2015-08-31T18:51:06Z" finished-at="2015-08-31T18:51:06Z">
          <reporter-output>
          </reporter-output>
        </test-method> <!-- afterMethod -->
        <test-method status="PASS" signature="afterMethod()[pri:0, instance:pkg.simpletestng@72ef33ad]" name="afterMethod" is-config="true" duration-ms="0" started-at="2015-08-31T18:51:06Z" finished-at="2015-08-31T18:51:06Z">
          <reporter-output>
          </reporter-output>
        </test-method> <!-- afterMethod -->
        <test-method status="PASS" signature="afterClass()[pri:0, instance:pkg.simpletestng@72ef33ad]" name="afterClass" is-config="true" duration-ms="0" started-at="2015-08-31T18:51:06Z" finished-at="2015-08-31T18:51:06Z">
          <reporter-output>
          </reporter-output>
        </test-method> <!-- afterClass -->
        <test-method status="PASS" signature="afterTest()[pri:0, instance:pkg.simpletestng@72ef33ad]" name="afterTest" is-config="true" duration-ms="0" started-at="2015-08-31T18:51:06Z" finished-at="2015-08-31T18:51:06Z">
          <reporter-output>
          </reporter-output>
        </test-method> <!-- afterTest -->
        <test-method status="PASS" signature="afterSuite()[pri:0, instance:pkg.simpletestng@72ef33ad]" name="afterSuite" is-config="true" duration-ms="1" started-at="2015-08-31T18:51:06Z" finished-at="2015-08-31T18:51:06Z">
          <reporter-output>
          </reporter-output>
        </test-method> <!-- afterSuite -->
      </class> <!-- pkg.simpletestng -->
    </test> <!-- Default test -->
  </suite> <!-- Default suite -->
</testng-results>
