<?xml version="1.0" encoding="UTF-8"?>
<testng-results skipped="0" failed="0" total="1" passed="1">
  <reporter-output>
  </reporter-output>
  <suite name="Default suite" duration-ms="12216" started-at="2015-08-26T08:42:29Z" finished-at="2015-08-26T08:42:42Z">
    <groups>
    </groups>
    <test name="Default test" duration-ms="12216" started-at="2015-08-26T08:42:29Z" finished-at="2015-08-26T08:42:42Z">
      <class name="pkg.NewTest2">
        <test-method status="PASS" signature="setup()[pri:0, instance:pkg.NewTest2@3cc3b9c9]" name="setup" is-config="true" duration-ms="5400" started-at="2015-08-26T14:12:29Z" finished-at="2015-08-26T14:12:35Z">
          <reporter-output>
          </reporter-output>
        </test-method> <!-- setup -->
        <test-method status="PASS" signature="Text()[pri:0, instance:pkg.NewTest2@3cc3b9c9]" name="Text" duration-ms="6736" started-at="2015-08-26T14:12:35Z" finished-at="2015-08-26T14:12:42Z">
          <reporter-output>
          </reporter-output>
        </test-method> <!-- Text -->
        <test-method status="PASS" signature="tearDown()[pri:0, instance:pkg.NewTest2@3cc3b9c9]" name="tearDown" is-config="true" duration-ms="69" started-at="2015-08-26T14:12:42Z" finished-at="2015-08-26T14:12:42Z">
          <reporter-output>
          </reporter-output>
        </test-method> <!-- tearDown -->
      </class> <!-- pkg.NewTest2 -->
    </test> <!-- Default test -->
  </suite> <!-- Default suite -->
</testng-results>
