<?xml version="1.0" encoding="UTF-8"?>
<!-- Generated by org.testng.reporters.JUnitXMLReporter -->
<testsuite hostname="IDTP335" name="Test_Textbox" tests="1" failures="1" timestamp="3 Sep 2015 13:04:20 GMT" time="16.788" errors="0">
  <testcase name="Testtextbox" time="16.67" classname="mypackage.Test_Textbox">
    <failure type="java.lang.AssertionError" message="expected [abc] but found []">
      <![CDATA[java.lang.AssertionError: expected [abc] but found []
	at mypackage.Test_Textbox.Testtextbox(Test_Textbox.java:17)
... Removed 29 stack frames]]>
    </failure>
  </testcase> <!-- Testtextbox -->
</testsuite> <!-- Test_Textbox -->
